2018-06-21 15:28:35.360 [main] DEBUG c.imooc.o2o.dao.split.DynamicDataSourceInterceptor - 设置方法[com.imooc.o2o.dao.AreaDao.queryArea] use[slave] Strategy,SqlCommanType[SELECT]..
2018-06-21 15:28:35.405 [main] DEBUG com.imooc.o2o.dao.split.DynamicDataSourceHolder - 所使用的数据源为: slave
2018-06-21 15:28:35.516 [main] DEBUG com.imooc.o2o.dao.AreaDao.queryArea - ==>  Preparing: SELECT area_id, area_name, priority, create_time, last_edit_time FROM tb_area ORDER BY priority DESC 
2018-06-21 15:28:35.581 [main] DEBUG com.imooc.o2o.dao.AreaDao.queryArea - ==> Parameters: 
2018-06-21 15:28:35.610 [main] DEBUG com.imooc.o2o.dao.AreaDao.queryArea - <==      Total: 2
2018-06-21 15:37:06.391 [main] DEBUG c.imooc.o2o.dao.split.DynamicDataSourceInterceptor - 设置方法[com.imooc.o2o.dao.ShopCategoryDao.queryShopCategory] use[slave] Strategy,SqlCommanType[SELECT]..
2018-06-21 15:37:06.394 [main] DEBUG com.imooc.o2o.dao.split.DynamicDataSourceHolder - 所使用的数据源为: slave
2018-06-21 15:37:06.428 [main] DEBUG c.imooc.o2o.dao.ShopCategoryDao.queryShopCategory - ==>  Preparing: SELECT shop_category_id, shop_category_name, shop_category_desc, shop_category_img, priority, create_time, last_edit_time, parent_id FROM tb_shop_category WHERE parent_id IS NOT NULL AND parent_id = ? ORDER BY priority DESC 
2018-06-21 15:37:06.492 [main] DEBUG c.imooc.o2o.dao.ShopCategoryDao.queryShopCategory - ==> Parameters: 1(Long)
2018-06-21 15:37:06.522 [main] DEBUG c.imooc.o2o.dao.ShopCategoryDao.queryShopCategory - <==      Total: 1
2018-06-21 15:37:27.790 [main] DEBUG c.imooc.o2o.dao.split.DynamicDataSourceInterceptor - 设置方法[com.imooc.o2o.dao.ShopDao.insertShop] use[master] Strategy,SqlCommanType[INSERT]..
2018-06-21 15:37:27.793 [main] DEBUG com.imooc.o2o.dao.split.DynamicDataSourceHolder - 所使用的数据源为: master
2018-06-21 15:37:27.812 [main] DEBUG com.imooc.o2o.dao.ShopDao.insertShop - ==>  Preparing: INSERT INTO tb_shop(owner_id,area_id,shop_category_id,shop_name,shop_desc,shop_addr, phone,shop_img,priority,create_time,last_edit_time,enable_status,advice) VALUES (?,?,?,?,?, ?,?,?,?,?,?,?,?) 
2018-06-21 15:37:27.863 [main] DEBUG com.imooc.o2o.dao.ShopDao.insertShop - ==> Parameters: 1(Long), 2(Integer), 1(Long), 测试的店铺(String), test(String), test(String), test(String), test(String), 1(Integer), 2018-06-21 15:37:27.771(Timestamp), null, 1(Integer), 审核中(String)
2018-06-21 15:37:27.906 [main] DEBUG com.imooc.o2o.dao.ShopDao.insertShop - <==    Updates: 1
2018-06-21 15:37:56.923 [main] DEBUG c.imooc.o2o.dao.split.DynamicDataSourceInterceptor - 设置方法[com.imooc.o2o.dao.AreaDao.queryArea] use[slave] Strategy,SqlCommanType[SELECT]..
2018-06-21 15:37:56.927 [main] DEBUG com.imooc.o2o.dao.split.DynamicDataSourceHolder - 所使用的数据源为: slave
2018-06-21 15:37:56.946 [main] DEBUG com.imooc.o2o.dao.AreaDao.queryArea - ==>  Preparing: SELECT area_id, area_name, priority, create_time, last_edit_time FROM tb_area ORDER BY priority DESC 
2018-06-21 15:37:57.010 [main] DEBUG com.imooc.o2o.dao.AreaDao.queryArea - ==> Parameters: 
2018-06-21 15:37:57.039 [main] DEBUG com.imooc.o2o.dao.AreaDao.queryArea - <==      Total: 2
2018-06-21 16:54:49.121 [main] DEBUG c.imooc.o2o.dao.split.DynamicDataSourceInterceptor - 设置方法[com.imooc.o2o.dao.ShopDao.queryByShopId] use[slave] Strategy,SqlCommanType[SELECT]..
2018-06-21 16:54:49.146 [main] DEBUG com.imooc.o2o.dao.split.DynamicDataSourceHolder - 所使用的数据源为: slave
2018-06-21 16:54:49.199 [main] DEBUG com.imooc.o2o.dao.ShopDao.queryByShopId - ==>  Preparing: SELECT s.shop_id, s.shop_name, s.shop_desc, s.shop_addr, s.phone, s.shop_img, s.priority, s.create_time, s.last_edit_time, s.enable_status, s.advice, a.area_id, a.area_name, sc.shop_category_id, sc.shop_category_name FROM tb_shop s, tb_area a, tb_shop_category sc WHERE s.area_id = a.area_id AND s.shop_category_id = sc.shop_category_id AND s.shop_id = ? 
2018-06-21 16:54:49.268 [main] DEBUG com.imooc.o2o.dao.ShopDao.queryByShopId - ==> Parameters: 1(Long)
2018-06-21 16:54:49.317 [main] DEBUG com.imooc.o2o.dao.ShopDao.queryByShopId - <==      Total: 1
2018-06-21 16:58:20.075 [main] DEBUG c.imooc.o2o.dao.split.DynamicDataSourceInterceptor - 设置方法[com.imooc.o2o.dao.ShopDao.queryByShopId] use[slave] Strategy,SqlCommanType[SELECT]..
2018-06-21 16:58:20.079 [main] DEBUG com.imooc.o2o.dao.split.DynamicDataSourceHolder - 所使用的数据源为: slave
2018-06-21 16:58:20.098 [main] DEBUG com.imooc.o2o.dao.ShopDao.queryByShopId - ==>  Preparing: SELECT s.shop_id, s.shop_name, s.shop_desc, s.shop_addr, s.phone, s.shop_img, s.priority, s.create_time, s.last_edit_time, s.enable_status, s.advice, a.area_id, a.area_name, sc.shop_category_id, sc.shop_category_name FROM tb_shop s, tb_area a, tb_shop_category sc WHERE s.area_id = a.area_id AND s.shop_category_id = sc.shop_category_id AND s.shop_id = ? 
2018-06-21 16:58:20.168 [main] DEBUG com.imooc.o2o.dao.ShopDao.queryByShopId - ==> Parameters: 1(Long)
2018-06-21 16:58:20.196 [main] DEBUG com.imooc.o2o.dao.ShopDao.queryByShopId - <==      Total: 1
